{"/home/garizzuto/repos/subscriber/server/firebase.js": {"path":"/home/garizzuto/repos/subscriber/server/firebase.js","statementMap":{"0":{"start":{"line":7,"column":0},"end":{"line":11,"column":3}},"1":{"start":{"line":13,"column":25},"end":{"line":13,"column":42}}},"fnMap":{},"branchMap":{},"s":{"0":1,"1":1},"f":{},"b":{},"_coverageSchema":"1a1c01bbd47fc00a2c39e90264f33305004495a9","hash":"ced408b0460ab05cced30ced0ddf1fb7d8cd974b"}
,"/home/garizzuto/repos/subscriber/server/notify.js": {"path":"/home/garizzuto/repos/subscriber/server/notify.js","statementMap":{"0":{"start":{"line":3,"column":36},"end":{"line":13,"column":1}},"1":{"start":{"line":5,"column":2},"end":{"line":12,"column":7}},"2":{"start":{"line":8,"column":6},"end":{"line":8,"column":81}},"3":{"start":{"line":11,"column":6},"end":{"line":11,"column":51}}},"fnMap":{"0":{"name":"(anonymous_0)","decl":{"start":{"line":3,"column":36},"end":{"line":3,"column":37}},"loc":{"start":{"line":3,"column":53},"end":{"line":13,"column":1}},"line":3},"1":{"name":"(anonymous_1)","decl":{"start":{"line":7,"column":10},"end":{"line":7,"column":11}},"loc":{"start":{"line":7,"column":22},"end":{"line":9,"column":5}},"line":7},"2":{"name":"(anonymous_2)","decl":{"start":{"line":10,"column":11},"end":{"line":10,"column":12}},"loc":{"start":{"line":10,"column":20},"end":{"line":12,"column":5}},"line":10}},"branchMap":{},"s":{"0":1,"1":0,"2":0,"3":0},"f":{"0":0,"1":0,"2":0},"b":{},"_coverageSchema":"1a1c01bbd47fc00a2c39e90264f33305004495a9","hash":"c8d366166a54c11199733bddafd24a034de9052c"}
,"/home/garizzuto/repos/subscriber/server/router.js": {"path":"/home/garizzuto/repos/subscriber/server/router.js","statementMap":{"0":{"start":{"line":3,"column":15},"end":{"line":3,"column":31}},"1":{"start":{"line":9,"column":0},"end":{"line":9,"column":41}},"2":{"start":{"line":10,"column":0},"end":{"line":10,"column":42}},"3":{"start":{"line":11,"column":0},"end":{"line":11,"column":38}},"4":{"start":{"line":12,"column":0},"end":{"line":12,"column":42}},"5":{"start":{"line":13,"column":0},"end":{"line":13,"column":36}},"6":{"start":{"line":14,"column":0},"end":{"line":14,"column":43}},"7":{"start":{"line":16,"column":0},"end":{"line":18,"column":3}},"8":{"start":{"line":17,"column":2},"end":{"line":17,"column":57}}},"fnMap":{"0":{"name":"(anonymous_0)","decl":{"start":{"line":16,"column":17},"end":{"line":16,"column":18}},"loc":{"start":{"line":16,"column":29},"end":{"line":18,"column":1}},"line":16}},"branchMap":{},"s":{"0":1,"1":1,"2":1,"3":1,"4":1,"5":1,"6":1,"7":1,"8":0},"f":{"0":0},"b":{},"_coverageSchema":"1a1c01bbd47fc00a2c39e90264f33305004495a9","hash":"3a8d9de644d4bf3cebb3201af97aa9bd1693bc59"}
,"/home/garizzuto/repos/subscriber/server/server.js": {"path":"/home/garizzuto/repos/subscriber/server/server.js","statementMap":{"0":{"start":{"line":2,"column":12},"end":{"line":2,"column":21}},"1":{"start":{"line":7,"column":0},"end":{"line":7,"column":16}},"2":{"start":{"line":8,"column":0},"end":{"line":8,"column":16}},"3":{"start":{"line":9,"column":0},"end":{"line":9,"column":16}}},"fnMap":{},"branchMap":{},"s":{"0":1,"1":1,"2":1,"3":1},"f":{},"b":{},"_coverageSchema":"1a1c01bbd47fc00a2c39e90264f33305004495a9","hash":"aceca85cdd64c3b2013815b1115fb165be3a1e4d"}
,"/home/garizzuto/repos/subscriber/server/controllers/notify-controller.js": {"path":"/home/garizzuto/repos/subscriber/server/controllers/notify-controller.js","statementMap":{"0":{"start":{"line":7,"column":2},"end":{"line":36,"column":3}},"1":{"start":{"line":8,"column":23},"end":{"line":8,"column":31}},"2":{"start":{"line":16,"column":22},"end":{"line":16,"column":71}},"3":{"start":{"line":17,"column":24},"end":{"line":20,"column":5}},"4":{"start":{"line":21,"column":18},"end":{"line":21,"column":34}},"5":{"start":{"line":22,"column":4},"end":{"line":22,"column":23}},"6":{"start":{"line":25,"column":4},"end":{"line":27,"column":14}},"7":{"start":{"line":26,"column":6},"end":{"line":26,"column":57}},"8":{"start":{"line":30,"column":4},"end":{"line":30,"column":24}},"9":{"start":{"line":34,"column":4},"end":{"line":34,"column":64}},"10":{"start":{"line":35,"column":4},"end":{"line":35,"column":20}}},"fnMap":{"0":{"name":"postSubNotification","decl":{"start":{"line":6,"column":22},"end":{"line":6,"column":41}},"loc":{"start":{"line":6,"column":52},"end":{"line":37,"column":1}},"line":6},"1":{"name":"(anonymous_1)","decl":{"start":{"line":25,"column":15},"end":{"line":25,"column":16}},"loc":{"start":{"line":25,"column":27},"end":{"line":27,"column":5}},"line":25}},"branchMap":{},"s":{"0":0,"1":0,"2":0,"3":0,"4":0,"5":0,"6":0,"7":0,"8":0,"9":0,"10":0},"f":{"0":0,"1":0},"b":{},"_coverageSchema":"1a1c01bbd47fc00a2c39e90264f33305004495a9","hash":"9c9399e7f1925dd5e9d88cf2f6c18d50c0ac2856"}
,"/home/garizzuto/repos/subscriber/server/controllers/sub-controller.js": {"path":"/home/garizzuto/repos/subscriber/server/controllers/sub-controller.js","statementMap":{"0":{"start":{"line":4,"column":2},"end":{"line":12,"column":3}},"1":{"start":{"line":5,"column":26},"end":{"line":5,"column":68}},"2":{"start":{"line":6,"column":4},"end":{"line":6,"column":28}},"3":{"start":{"line":7,"column":4},"end":{"line":7,"column":20}},"4":{"start":{"line":10,"column":4},"end":{"line":10,"column":60}},"5":{"start":{"line":11,"column":4},"end":{"line":11,"column":20}},"6":{"start":{"line":16,"column":2},"end":{"line":33,"column":3}},"7":{"start":{"line":17,"column":16},"end":{"line":17,"column":24}},"8":{"start":{"line":18,"column":23},"end":{"line":26,"column":6}},"9":{"start":{"line":27,"column":4},"end":{"line":27,"column":20}},"10":{"start":{"line":28,"column":4},"end":{"line":28,"column":25}},"11":{"start":{"line":31,"column":4},"end":{"line":31,"column":61}},"12":{"start":{"line":32,"column":4},"end":{"line":32,"column":20}},"13":{"start":{"line":37,"column":2},"end":{"line":57,"column":3}},"14":{"start":{"line":38,"column":20},"end":{"line":38,"column":28}},"15":{"start":{"line":39,"column":4},"end":{"line":39,"column":26}},"16":{"start":{"line":41,"column":18},"end":{"line":41,"column":37}},"17":{"start":{"line":42,"column":23},"end":{"line":50,"column":21}},"18":{"start":{"line":51,"column":4},"end":{"line":51,"column":20}},"19":{"start":{"line":52,"column":4},"end":{"line":52,"column":25}},"20":{"start":{"line":55,"column":4},"end":{"line":55,"column":60}},"21":{"start":{"line":56,"column":4},"end":{"line":56,"column":20}},"22":{"start":{"line":61,"column":2},"end":{"line":70,"column":3}},"23":{"start":{"line":62,"column":18},"end":{"line":62,"column":29}},"24":{"start":{"line":63,"column":4},"end":{"line":63,"column":46}},"25":{"start":{"line":64,"column":4},"end":{"line":64,"column":24}},"26":{"start":{"line":67,"column":4},"end":{"line":67,"column":63}},"27":{"start":{"line":68,"column":4},"end":{"line":68,"column":20}}},"fnMap":{"0":{"name":"getAllSubs","decl":{"start":{"line":3,"column":22},"end":{"line":3,"column":32}},"loc":{"start":{"line":3,"column":43},"end":{"line":13,"column":1}},"line":3},"1":{"name":"postOneSub","decl":{"start":{"line":15,"column":22},"end":{"line":15,"column":32}},"loc":{"start":{"line":15,"column":43},"end":{"line":34,"column":1}},"line":15},"2":{"name":"editSub","decl":{"start":{"line":36,"column":22},"end":{"line":36,"column":29}},"loc":{"start":{"line":36,"column":40},"end":{"line":58,"column":1}},"line":36},"3":{"name":"deleteSub","decl":{"start":{"line":60,"column":22},"end":{"line":60,"column":31}},"loc":{"start":{"line":60,"column":42},"end":{"line":72,"column":1}},"line":60}},"branchMap":{},"s":{"0":1,"1":1,"2":1,"3":1,"4":0,"5":0,"6":1,"7":1,"8":1,"9":1,"10":1,"11":0,"12":0,"13":1,"14":1,"15":1,"16":1,"17":1,"18":1,"19":1,"20":0,"21":0,"22":1,"23":1,"24":1,"25":1,"26":0,"27":0},"f":{"0":1,"1":1,"2":1,"3":1},"b":{},"_coverageSchema":"1a1c01bbd47fc00a2c39e90264f33305004495a9","hash":"9f291853e5803afd87f5f2f092304f490213f56e"}
,"/home/garizzuto/repos/subscriber/server/controllers/user-token-controller.js": {"path":"/home/garizzuto/repos/subscriber/server/controllers/user-token-controller.js","statementMap":{"0":{"start":{"line":4,"column":2},"end":{"line":16,"column":3}},"1":{"start":{"line":5,"column":21},"end":{"line":5,"column":29}},"2":{"start":{"line":6,"column":4},"end":{"line":6,"column":26}},"3":{"start":{"line":8,"column":18},"end":{"line":8,"column":43}},"4":{"start":{"line":9,"column":22},"end":{"line":9,"column":95}},"5":{"start":{"line":10,"column":4},"end":{"line":10,"column":24}},"6":{"start":{"line":11,"column":4},"end":{"line":11,"column":20}},"7":{"start":{"line":14,"column":4},"end":{"line":14,"column":67}},"8":{"start":{"line":15,"column":4},"end":{"line":15,"column":20}}},"fnMap":{"0":{"name":"putToken","decl":{"start":{"line":3,"column":22},"end":{"line":3,"column":30}},"loc":{"start":{"line":3,"column":41},"end":{"line":17,"column":1}},"line":3}},"branchMap":{},"s":{"0":0,"1":0,"2":0,"3":0,"4":0,"5":0,"6":0,"7":0,"8":0},"f":{"0":0},"b":{},"_coverageSchema":"1a1c01bbd47fc00a2c39e90264f33305004495a9","hash":"9155c1df130aa16a8a8d12fdc0dd45988b82b4ba"}
,"/home/garizzuto/repos/subscriber/server/models/index.js": {"path":"/home/garizzuto/repos/subscriber/server/models/index.js","statementMap":{"0":{"start":{"line":2,"column":0},"end":{"line":2,"column":15}},"1":{"start":{"line":6,"column":12},"end":{"line":6,"column":45}},"2":{"start":{"line":8,"column":0},"end":{"line":8,"column":12}}},"fnMap":{},"branchMap":{},"s":{"0":1,"1":1,"2":1},"f":{},"b":{},"_coverageSchema":"1a1c01bbd47fc00a2c39e90264f33305004495a9","hash":"fa129aa8aedf7e16beffe124aaebe2ae75897977"}
,"/home/garizzuto/repos/subscriber/server/models/notify-model.js": {"path":"/home/garizzuto/repos/subscriber/server/models/notify-model.js","statementMap":{"0":{"start":{"line":3,"column":27},"end":{"line":22,"column":31}}},"fnMap":{},"branchMap":{},"s":{"0":1},"f":{},"b":{},"_coverageSchema":"1a1c01bbd47fc00a2c39e90264f33305004495a9","hash":"e4e703f61d898d3d4dff4e0bc8e7923d61d8bdd7"}
,"/home/garizzuto/repos/subscriber/server/models/sub-model.js": {"path":"/home/garizzuto/repos/subscriber/server/models/sub-model.js","statementMap":{"0":{"start":{"line":3,"column":18},"end":{"line":38,"column":33}}},"fnMap":{},"branchMap":{},"s":{"0":1},"f":{},"b":{},"_coverageSchema":"1a1c01bbd47fc00a2c39e90264f33305004495a9","hash":"0384d4af25b1f6985348e80d0f87cd29fee5d13e"}
,"/home/garizzuto/repos/subscriber/server/models/user-token-model.js": {"path":"/home/garizzuto/repos/subscriber/server/models/user-token-model.js","statementMap":{"0":{"start":{"line":3,"column":24},"end":{"line":14,"column":30}}},"fnMap":{},"branchMap":{},"s":{"0":1},"f":{},"b":{},"_coverageSchema":"1a1c01bbd47fc00a2c39e90264f33305004495a9","hash":"635785a8da86acd4d510a4c20d43dfc61c667e00"}
,"/home/garizzuto/repos/subscriber/server/tests/mocks.js": {"path":"/home/garizzuto/repos/subscriber/server/tests/mocks.js","statementMap":{},"fnMap":{},"branchMap":{},"s":{},"f":{},"b":{},"_coverageSchema":"1a1c01bbd47fc00a2c39e90264f33305004495a9","hash":"c8a2bf5ea3f7f3cf934215116351a3989243cc02"}
}
