TN:
SF:firebase.js
FNF:0
FNH:0
DA:7,1
DA:13,1
LF:2
LH:2
BRF:0
BRH:0
end_of_record
TN:
SF:notify.js
FN:3,(anonymous_0)
FN:7,(anonymous_1)
FN:10,(anonymous_2)
FNF:3
FNH:0
FNDA:0,(anonymous_0)
FNDA:0,(anonymous_1)
FNDA:0,(anonymous_2)
DA:3,1
DA:5,0
DA:8,0
DA:11,0
LF:4
LH:1
BRF:0
BRH:0
end_of_record
TN:
SF:router.js
FN:16,(anonymous_0)
FNF:1
FNH:0
FNDA:0,(anonymous_0)
DA:3,1
DA:9,1
DA:10,1
DA:11,1
DA:12,1
DA:13,1
DA:14,1
DA:16,1
DA:17,0
LF:9
LH:8
BRF:0
BRH:0
end_of_record
TN:
SF:server.js
FNF:0
FNH:0
DA:2,1
DA:7,1
DA:8,1
DA:9,1
LF:4
LH:4
BRF:0
BRH:0
end_of_record
TN:
SF:controllers/notify-controller.js
FN:6,postSubNotification
FN:25,(anonymous_1)
FNF:2
FNH:0
FNDA:0,postSubNotification
FNDA:0,(anonymous_1)
DA:7,0
DA:8,0
DA:16,0
DA:17,0
DA:21,0
DA:22,0
DA:25,0
DA:26,0
DA:30,0
DA:34,0
DA:35,0
LF:11
LH:0
BRF:0
BRH:0
end_of_record
TN:
SF:controllers/sub-controller.js
FN:3,getAllSubs
FN:15,postOneSub
FN:36,editSub
FN:60,deleteSub
FNF:4
FNH:4
FNDA:1,getAllSubs
FNDA:1,postOneSub
FNDA:1,editSub
FNDA:1,deleteSub
DA:4,1
DA:5,1
DA:6,1
DA:7,1
DA:10,0
DA:11,0
DA:16,1
DA:17,1
DA:18,1
DA:27,1
DA:28,1
DA:31,0
DA:32,0
DA:37,1
DA:38,1
DA:39,1
DA:41,1
DA:42,1
DA:51,1
DA:52,1
DA:55,0
DA:56,0
DA:61,1
DA:62,1
DA:63,1
DA:64,1
DA:67,0
DA:68,0
LF:28
LH:20
BRF:0
BRH:0
end_of_record
TN:
SF:controllers/user-token-controller.js
FN:3,putToken
FNF:1
FNH:0
FNDA:0,putToken
DA:4,0
DA:5,0
DA:6,0
DA:8,0
DA:9,0
DA:10,0
DA:11,0
DA:14,0
DA:15,0
LF:9
LH:0
BRF:0
BRH:0
end_of_record
TN:
SF:models/index.js
FNF:0
FNH:0
DA:2,1
DA:6,1
DA:8,1
LF:3
LH:3
BRF:0
BRH:0
end_of_record
TN:
SF:models/notify-model.js
FNF:0
FNH:0
DA:3,1
LF:1
LH:1
BRF:0
BRH:0
end_of_record
TN:
SF:models/sub-model.js
FNF:0
FNH:0
DA:3,1
LF:1
LH:1
BRF:0
BRH:0
end_of_record
TN:
SF:models/user-token-model.js
FNF:0
FNH:0
DA:3,1
LF:1
LH:1
BRF:0
BRH:0
end_of_record
TN:
SF:tests/mocks.js
FNF:0
FNH:0
LF:0
LH:0
BRF:0
BRH:0
end_of_record
